2024-12-08T16:56:36.418710+0000 - INFO - Initialized results manager
2024-12-08T16:56:36.426692+0000 - INFO - Initialized memory manager
2024-12-08T16:56:36.436661+0000 - INFO - Initialized results manager
2024-12-08T16:56:36.438657+0000 - INFO - Initialized parallel optimizer with 2 workers
2024-12-08T16:56:36.440208+0000 - INFO - Starting optimization process...
2024-12-08T16:56:36.441193+0000 - INFO - Starting continuous memory monitoring
2024-12-08T16:56:36.446176+0000 - WARNING - Memory usage high, initiating cleanup
2024-12-08T16:56:36.509455+0000 - WARNING - Memory cleanup completed but usage still high
2024-12-08T16:57:36.525291+0000 - WARNING - Memory usage high, initiating cleanup
2024-12-08T16:57:36.650050+0000 - WARNING - Memory cleanup completed but usage still high
2024-12-08T16:58:36.662893+0000 - WARNING - Memory usage high, initiating cleanup
2024-12-08T16:58:36.723361+0000 - WARNING - Memory cleanup completed but usage still high
2024-12-08T16:59:36.741390+0000 - WARNING - Memory usage high, initiating cleanup
2024-12-08T16:59:36.834662+0000 - WARNING - Memory cleanup completed but usage still high
2024-12-08T17:00:36.841116+0000 - WARNING - Memory usage high, initiating cleanup
2024-12-08T17:00:36.917055+0000 - WARNING - Memory cleanup completed but usage still high
2024-12-08T17:01:36.938617+0000 - WARNING - Memory usage high, initiating cleanup
2024-12-08T17:01:37.049185+0000 - WARNING - Memory cleanup completed but usage still high
2024-12-08T17:02:37.053860+0000 - WARNING - Memory usage high, initiating cleanup
2024-12-08T17:02:37.115885+0000 - WARNING - Memory cleanup completed but usage still high
2024-12-08T17:03:37.133244+0000 - WARNING - Memory usage high, initiating cleanup
2024-12-08T17:03:37.237473+0000 - WARNING - Memory cleanup completed but usage still high
2024-12-08T17:04:37.252929+0000 - WARNING - Memory usage high, initiating cleanup
2024-12-08T17:04:37.363076+0000 - WARNING - Memory cleanup completed but usage still high
2024-12-08T17:05:37.378834+0000 - WARNING - Memory usage high, initiating cleanup
2024-12-08T17:05:37.478471+0000 - WARNING - Memory cleanup completed but usage still high
2024-12-08T17:06:37.484611+0000 - WARNING - Memory usage high, initiating cleanup
2024-12-08T17:06:37.556309+0000 - WARNING - Memory cleanup completed but usage still high
2024-12-08T17:07:37.631782+0000 - ERROR - System memory usage (92.2%) exceeds limit (90.0%)
2024-12-08T17:07:37.643793+0000 - ERROR - Continuous monitoring failed: System memory usage (92.2%) exceeds limit (90.0%)
2024-12-08T17:07:37.643793+0000 - ERROR - Optimization failed: Continuous monitoring failed: System memory usage (92.2%) exceeds limit (90.0%)
2024-12-08T17:07:37.657758+0000 - INFO - Stopped memory monitoring
2024-12-08T17:07:37.658762+0000 - ERROR - Error during optimization: Optimization failed: Continuous monitoring failed: System memory usage (92.2%) exceeds limit (90.0%)
