2024-12-10T11:02:55.989080+0000 - INFO - Initialized results manager
2024-12-10T11:02:55.995102+0000 - INFO - Initialized results manager
2024-12-10T11:02:55.995102+0000 - INFO - Initialized results manager
2024-12-10T11:02:55.997058+0000 - INFO - Initialized parallel optimizer with 2 workers
2024-12-10T11:02:55.997058+0000 - INFO - Initialized parallel optimizer with 2 workers
2024-12-10T11:02:55.999053+0000 - INFO - Starting optimization process...
2024-12-10T11:02:55.999053+0000 - INFO - Starting optimization process...
2024-12-10T11:02:59.783785+0000 - INFO - Added result for trial 0
2024-12-10T11:02:59.783785+0000 - INFO - Added result for trial 0
2024-12-10T11:02:59.788771+0000 - INFO - Added result for trial 1
2024-12-10T11:02:59.788771+0000 - INFO - Added result for trial 1
2024-12-10T11:02:59.792765+0000 - INFO - Added result for trial 2
2024-12-10T11:02:59.792765+0000 - INFO - Added result for trial 2
2024-12-10T11:02:59.795754+0000 - INFO - Added result for trial 3
2024-12-10T11:02:59.795754+0000 - INFO - Added result for trial 3
2024-12-10T11:02:59.803732+0000 - INFO - Added result for trial 4
2024-12-10T11:02:59.803732+0000 - INFO - Added result for trial 4
2024-12-10T11:02:59.805727+0000 - INFO - Added batch of 5 results
2024-12-10T11:02:59.805727+0000 - INFO - Added batch of 5 results
2024-12-10T11:02:59.843077+0000 - INFO - Added result for trial 5
2024-12-10T11:02:59.843077+0000 - INFO - Added result for trial 5
2024-12-10T11:02:59.845696+0000 - INFO - Added result for trial 6
2024-12-10T11:02:59.845696+0000 - INFO - Added result for trial 6
2024-12-10T11:02:59.853674+0000 - INFO - Added result for trial 7
2024-12-10T11:02:59.853674+0000 - INFO - Added result for trial 7
2024-12-10T11:02:59.856665+0000 - INFO - Added result for trial 8
2024-12-10T11:02:59.856665+0000 - INFO - Added result for trial 8
2024-12-10T11:02:59.859659+0000 - INFO - Added result for trial 9
2024-12-10T11:02:59.859659+0000 - INFO - Added result for trial 9
2024-12-10T11:02:59.861651+0000 - INFO - Added batch of 5 results
2024-12-10T11:02:59.861651+0000 - INFO - Added batch of 5 results
2024-12-10T11:03:00.162898+0000 - INFO - Optimization completed: 10/50 trials successful
2024-12-10T11:03:00.162898+0000 - INFO - Optimization completed: 10/50 trials successful
2024-12-10T11:03:00.168883+0000 - INFO - Results saved to c:\Users\marwi\PycharmProjects\hyperopter\examples\results\results\optimization_results_20241210_110300.json
2024-12-10T11:03:00.168883+0000 - INFO - Results saved to c:\Users\marwi\PycharmProjects\hyperopter\examples\results\results\optimization_results_20241210_110300.json
2024-12-10T11:03:00.170393+0000 - INFO - Optimization completed successfully
2024-12-10T11:03:00.170393+0000 - INFO - Optimization completed successfully
