2024-12-08T17:10:31.654782+0000 - INFO - Worker 1 - Worker setup complete
2024-12-08T17:10:31.655770+0000 - ERROR - Worker 1 - Trial 5 failed: TradingStrategyOptimizer._evaluate_strategy() got an unexpected keyword argument 'fast_period'
2024-12-08T17:10:31.656377+0000 - ERROR - Worker 1 - Trial 6 failed: TradingStrategyOptimizer._evaluate_strategy() got an unexpected keyword argument 'fast_period'
2024-12-08T17:10:31.656377+0000 - ERROR - Worker 1 - Trial 7 failed: TradingStrategyOptimizer._evaluate_strategy() got an unexpected keyword argument 'fast_period'
2024-12-08T17:10:31.656377+0000 - ERROR - Worker 1 - Trial 8 failed: TradingStrategyOptimizer._evaluate_strategy() got an unexpected keyword argument 'fast_period'
2024-12-08T17:10:31.656898+0000 - ERROR - Worker 1 - Trial 9 failed: TradingStrategyOptimizer._evaluate_strategy() got an unexpected keyword argument 'fast_period'
2024-12-08T17:10:31.656898+0000 - INFO - Worker 1 - Worker cleanup started
2024-12-08T17:11:14.233302+0000 - INFO - Worker 1 - Worker setup complete
2024-12-08T17:11:14.234300+0000 - ERROR - Worker 1 - Trial 5 failed: window must be an integer 0 or greater
2024-12-08T17:11:14.234300+0000 - ERROR - Worker 1 - Trial 6 failed: window must be an integer 0 or greater
2024-12-08T17:11:14.235297+0000 - ERROR - Worker 1 - Trial 7 failed: window must be an integer 0 or greater
2024-12-08T17:11:14.235297+0000 - ERROR - Worker 1 - Trial 8 failed: window must be an integer 0 or greater
2024-12-08T17:11:14.235297+0000 - ERROR - Worker 1 - Trial 9 failed: window must be an integer 0 or greater
2024-12-08T17:11:14.236293+0000 - INFO - Worker 1 - Worker cleanup started
2024-12-09T11:51:27.239528+0000 - INFO - Worker 1 - Worker setup complete
2024-12-09T11:51:27.241767+0000 - ERROR - Worker 1 - Trial 5 failed: int() argument must be a string, a bytes-like object or a real number, not 'dict'
2024-12-09T11:51:27.241767+0000 - ERROR - Worker 1 - Trial 6 failed: int() argument must be a string, a bytes-like object or a real number, not 'dict'
2024-12-09T11:51:27.242466+0000 - ERROR - Worker 1 - Trial 7 failed: int() argument must be a string, a bytes-like object or a real number, not 'dict'
2024-12-09T11:51:27.242466+0000 - ERROR - Worker 1 - Trial 8 failed: int() argument must be a string, a bytes-like object or a real number, not 'dict'
2024-12-09T11:51:27.242466+0000 - ERROR - Worker 1 - Trial 9 failed: int() argument must be a string, a bytes-like object or a real number, not 'dict'
2024-12-09T11:51:27.242974+0000 - INFO - Worker 1 - Worker cleanup started
2024-12-09T11:52:14.564397+0000 - INFO - Worker 1 - Worker setup complete
2024-12-09T11:52:14.565396+0000 - ERROR - Worker 1 - Trial 5 failed: 'value'
2024-12-09T11:52:14.566393+0000 - ERROR - Worker 1 - Trial 6 failed: 'value'
2024-12-09T11:52:14.566393+0000 - ERROR - Worker 1 - Trial 7 failed: 'value'
2024-12-09T11:52:14.567398+0000 - ERROR - Worker 1 - Trial 8 failed: 'value'
2024-12-09T11:52:14.567398+0000 - ERROR - Worker 1 - Trial 9 failed: 'value'
2024-12-09T11:52:14.568387+0000 - INFO - Worker 1 - Worker cleanup started
2024-12-09T11:53:29.638114+0000 - INFO - Worker 1 - Worker setup complete
2024-12-09T11:53:29.639112+0000 - ERROR - Worker 1 - Trial 5 failed: 'Close'
2024-12-09T11:53:29.639112+0000 - ERROR - Worker 1 - Trial 6 failed: 'Close'
2024-12-09T11:53:29.640109+0000 - ERROR - Worker 1 - Trial 7 failed: 'Close'
2024-12-09T11:53:29.640109+0000 - ERROR - Worker 1 - Trial 8 failed: 'Close'
2024-12-09T11:53:29.640109+0000 - ERROR - Worker 1 - Trial 9 failed: 'Close'
2024-12-09T11:53:29.641106+0000 - INFO - Worker 1 - Worker cleanup started
2024-12-10T09:45:46.691310+0000 - INFO - Worker 1 - Worker setup complete
2024-12-10T09:45:46.693305+0000 - ERROR - Worker 1 - Trial 5 failed: 'Close'
2024-12-10T09:45:46.694303+0000 - ERROR - Worker 1 - Trial 6 failed: 'Close'
2024-12-10T09:45:46.697295+0000 - ERROR - Worker 1 - Trial 7 failed: 'Close'
2024-12-10T09:45:46.699290+0000 - ERROR - Worker 1 - Trial 8 failed: 'Close'
2024-12-10T09:45:46.702281+0000 - ERROR - Worker 1 - Trial 9 failed: 'Close'
2024-12-10T09:45:46.703279+0000 - INFO - Worker 1 - Worker cleanup started
2024-12-10T09:47:03.893548+0000 - INFO - Worker 1 - Worker setup complete
2024-12-10T09:47:03.896539+0000 - ERROR - Worker 1 - Trial 5 failed: 'Close'
2024-12-10T09:47:03.898533+0000 - ERROR - Worker 1 - Trial 6 failed: 'Close'
2024-12-10T09:47:03.904518+0000 - ERROR - Worker 1 - Trial 7 failed: 'Close'
2024-12-10T09:47:03.905515+0000 - ERROR - Worker 1 - Trial 8 failed: 'Close'
2024-12-10T09:47:03.907510+0000 - ERROR - Worker 1 - Trial 9 failed: 'Close'
2024-12-10T09:47:03.908507+0000 - INFO - Worker 1 - Worker cleanup started
